<?xml version="1.0" encoding="UTF-8"?>
<!-- Generated by org.testng.reporters.JUnitReportReporter -->
<testsuite hostname="WKWZTM099vIwucL" failures="0" tests="3" name="day3.AssertionDemo" time="0.020" errors="0" timestamp="2022-11-27T23:19:37 IST" skipped="0">
  <testcase classname="day3.AssertionDemo" name="test3" time="0.002"/>
  <system-out/>
  <testcase classname="day3.AssertionDemo" name="test1" time="0.016"/>
  <system-out/>
  <testcase classname="day3.AssertionDemo" name="test2" time="0.002"/>
  <system-out/>
</testsuite> <!-- day3.AssertionDemo -->
