<?xml version="1.0" encoding="UTF-8"?>
<!-- Generated by org.testng.reporters.JUnitReportReporter -->
<testsuite hostname="WKWZTM099vIwucL" failures="0" tests="1" name="day1.Facebook" time="14.191" errors="0" timestamp="2022-11-27T23:19:37 IST" skipped="0">
  <testcase classname="day1.Facebook" name="xtest" time="14.191"/>
  <system-out/>
</testsuite> <!-- day1.Facebook -->
