<?xml version="1.0" encoding="UTF-8"?>
<!-- Generated by org.testng.reporters.JUnitReportReporter -->
<testsuite hostname="WKWZTM099vIwucL" failures="0" tests="1" name="day1.MyFirstSeleniumScript" time="11.655" errors="0" timestamp="2022-11-27T23:19:37 IST" skipped="0">
  <testcase classname="day1.MyFirstSeleniumScript" name="test" time="11.655"/>
  <system-out/>
</testsuite> <!-- day1.MyFirstSeleniumScript -->
