<?xml version="1.0" encoding="UTF-8"?>
<!-- Generated by org.testng.reporters.JUnitReportReporter -->
<testsuite hostname="WKWZTM099vIwucL" failures="0" tests="1" name="day2.Calender" time="8.032" errors="0" timestamp="2022-11-24T08:42:42 IST" skipped="0">
  <testcase classname="day2.Calender" name="test6" time="8.032"/>
  <system-out/>
</testsuite> <!-- day2.Calender -->
