<?xml version="1.0" encoding="UTF-8"?>
<!-- Generated by org.testng.reporters.JUnitReportReporter -->
<testsuite hostname="WKWZTM099vIwucL" failures="0" tests="4" name="day3.TestNG1" time="0.017" errors="0" timestamp="2022-11-27T23:19:37 IST" skipped="0">
  <testcase classname="day3.TestNG1" name="deleteAccount" time="0.002"/>
  <system-out/>
  <testcase classname="day3.TestNG1" name="createAccount" time="0.011"/>
  <system-out/>
  <testcase classname="day3.TestNG1" name="logoutAccount" time="0.003"/>
  <system-out/>
  <testcase classname="day3.TestNG1" name="login" time="0.001"/>
  <system-out/>
</testsuite> <!-- day3.TestNG1 -->
