<?xml version="1.0" encoding="UTF-8"?>
<!-- Generated by org.testng.reporters.JUnitReportReporter -->
<testsuite hostname="WKWZTM099vIwucL" failures="0" tests="4" name="day3.MyFirstTestNG" time="0.014" errors="0" timestamp="2022-11-22T12:30:50 IST" skipped="0">
  <testcase classname="day3.MyFirstTestNG" name="createAccount" time="0.011"/>
  <system-out/>
  <testcase classname="day3.MyFirstTestNG" name="deleteAccount" time="0.001"/>
  <system-out/>
  <testcase classname="day3.MyFirstTestNG" name="logoutFromApplication" time="0.001"/>
  <system-out/>
  <testcase classname="day3.MyFirstTestNG" name="login" time="0.001"/>
  <system-out/>
</testsuite> <!-- day3.MyFirstTestNG -->
