<?xml version="1.0" encoding="UTF-8"?>
<!-- Generated by org.testng.reporters.JUnitReportReporter -->
<testsuite hostname="WKWZTM099vIwucL" failures="0" tests="4" name="day3.LoginTest" time="22.072" errors="0" timestamp="2022-11-24T08:42:42 IST" skipped="0">
  <testcase classname="day3.LoginTest" name="verifySocialMediaCount" time="4.763"/>
  <system-out/>
  <testcase classname="day3.LoginTest" name="verifyUrl" time="4.957"/>
  <system-out/>
  <testcase classname="day3.LoginTest" name="verifyTitle" time="6.197"/>
  <system-out/>
  <testcase classname="day3.LoginTest" name="verifyForgetPassword" time="6.155"/>
  <system-out/>
</testsuite> <!-- day3.LoginTest -->
