<?xml version="1.0" encoding="UTF-8"?>
<!-- Generated by org.testng.reporters.JUnitReportReporter -->
<testsuite hostname="WKWZTM099vIwucL" failures="0" tests="1" name="day2.Calender" time="10.020" errors="0" timestamp="2022-11-27T23:19:37 IST" skipped="0">
  <testcase classname="day2.Calender" name="test6" time="10.020"/>
  <system-out/>
</testsuite> <!-- day2.Calender -->
