<?xml version="1.0" encoding="UTF-8"?>
<!-- Generated by org.testng.reporters.JUnitReportReporter -->
<testsuite hostname="WKWZTM099vIwucL" failures="0" tests="1" name="day2.HandleDynamicElements" time="15.569" errors="0" timestamp="2022-11-24T08:42:42 IST" skipped="0">
  <testcase classname="day2.HandleDynamicElements" name="google" time="15.569"/>
  <system-out/>
</testsuite> <!-- day2.HandleDynamicElements -->
