<?xml version="1.0" encoding="UTF-8"?>
<!-- Generated by org.testng.reporters.JUnitReportReporter -->
<testsuite hostname="WKWZTM099vIwucL" failures="0" tests="1" name="day1.Facebook" time="7.028" errors="0" timestamp="2022-11-24T08:42:42 IST" skipped="0">
  <testcase classname="day1.Facebook" name="xtest" time="7.028"/>
  <system-out/>
</testsuite> <!-- day1.Facebook -->
