<?xml version="1.0" encoding="UTF-8"?>
<!-- Generated by org.testng.reporters.JUnitReportReporter -->
<testsuite hostname="WKWZTM099vIwucL" failures="0" tests="1" name="Day4.testData" time="1.589" errors="0" timestamp="2022-11-24T08:42:42 IST" skipped="0">
  <testcase classname="Day4.testData" name="testdata" time="1.589"/>
  <system-out/>
</testsuite> <!-- Day4.testData -->
