<?xml version="1.0" encoding="UTF-8"?>
<!-- Generated by org.testng.reporters.JUnitReportReporter -->
<testsuite hostname="WKWZTM099vIwucL" failures="0" tests="1" name="day2.HandleAutoSuggestion" time="11.041" errors="0" timestamp="2022-11-24T08:42:42 IST" skipped="0">
  <testcase classname="day2.HandleAutoSuggestion" name="test7" time="11.041"/>
  <system-out/>
</testsuite> <!-- day2.HandleAutoSuggestion -->
