<?xml version="1.0" encoding="UTF-8"?>
<!-- Generated by org.testng.reporters.JUnitReportReporter -->
<testsuite hostname="WKWZTeW08v41NWG" failures="0" tests="5" name="day5.SeleniumGridDemo" time="59.552" errors="0" timestamp="2022-11-24T11:51:25 IST" skipped="0">
  <testcase classname="day5.SeleniumGridDemo" name="test" time="10.485"/>
  <system-out/>
  <testcase classname="day5.SeleniumGridDemo" name="test" time="10.712"/>
  <system-out/>
  <testcase classname="day5.SeleniumGridDemo" name="test" time="13.012"/>
  <system-out/>
  <testcase classname="day5.SeleniumGridDemo" name="test" time="14.093"/>
  <system-out/>
  <testcase classname="day5.SeleniumGridDemo" name="test" time="11.250"/>
  <system-out/>
</testsuite> <!-- day5.SeleniumGridDemo -->
