<?xml version="1.0" encoding="UTF-8"?>
<!-- Generated by org.testng.reporters.JUnitReportReporter -->
<testsuite hostname="WKWZTeW08v41NWG" failures="0" tests="1" name="day4.DPUsingXL" time="0.423" errors="0" timestamp="2022-11-23T11:59:12 IST" skipped="0">
  <testcase classname="day4.DPUsingXL" name="testdata" time="0.423"/>
  <system-out/>
</testsuite> <!-- day4.DPUsingXL -->
