<?xml version="1.0" encoding="UTF-8"?>
<!-- Generated by org.testng.reporters.JUnitReportReporter -->
<testsuite hostname="WKWZTM099vIwucL" failures="0" tests="1" name="day2.HandleAutoSuggestion" time="22.762" errors="0" timestamp="2022-11-27T23:19:37 IST" skipped="0">
  <testcase classname="day2.HandleAutoSuggestion" name="test7" time="22.762"/>
  <system-out/>
</testsuite> <!-- day2.HandleAutoSuggestion -->
