<?xml version="1.0" encoding="UTF-8"?>
<!-- Generated by org.testng.reporters.JUnitReportReporter -->
<testsuite hostname="WKWZTeW08v41NWG" failures="0" tests="1" name="day5.Downloader" time="7.572" errors="0" timestamp="2022-11-24T15:33:16 IST" skipped="0">
  <testcase classname="day5.Downloader" name="test" time="7.572"/>
  <system-out/>
</testsuite> <!-- day5.Downloader -->
