<?xml version="1.0" encoding="UTF-8"?>
<!-- Generated by org.testng.reporters.JUnitReportReporter -->
<testsuite hostname="WKWZTM099vIwucL" failures="0" tests="4" name="day3.LoginTest" time="61.873" errors="0" timestamp="2022-11-27T23:19:37 IST" skipped="0">
  <testcase classname="day3.LoginTest" name="verifyForgetPassword" time="24.715"/>
  <system-out/>
  <testcase classname="day3.LoginTest" name="verifyTitle" time="11.979"/>
  <system-out/>
  <testcase classname="day3.LoginTest" name="verifySocialMediaCount" time="13.873"/>
  <system-out/>
  <testcase classname="day3.LoginTest" name="verifyUrl" time="11.306"/>
  <system-out/>
</testsuite> <!-- day3.LoginTest -->
