<?xml version="1.0" encoding="UTF-8"?>
<!-- Generated by org.testng.reporters.JUnitReportReporter -->
<testsuite hostname="WKWZTM099vIwucL" failures="0" tests="1" name="day1.MyFirstSeleniumScript3" time="6.759" errors="0" timestamp="2022-11-28T08:31:24 IST" skipped="0">
  <testcase classname="day1.MyFirstSeleniumScript3" name="test2" time="6.759"/>
  <system-out/>
</testsuite> <!-- day1.MyFirstSeleniumScript3 -->
