<?xml version="1.0" encoding="UTF-8"?>
<!-- Generated by org.testng.reporters.JUnitReportReporter -->
<testsuite hostname="WKWZTM099vIwucL" failures="0" tests="4" name="day3.LoginVerification" time="1.313" errors="0" timestamp="2022-11-28T08:31:24 IST" skipped="0">
  <testcase classname="day3.LoginVerification" name="emptyUsernamePassword" time="0.145"/>
  <system-out/>
  <testcase classname="day3.LoginVerification" name="emptyPassword" time="0.238"/>
  <system-out/>
  <testcase classname="day3.LoginVerification" name="emptyUsername" time="0.163"/>
  <system-out/>
  <testcase classname="day3.LoginVerification" name="invalidCredintial" time="0.767"/>
  <system-out/>
</testsuite> <!-- day3.LoginVerification -->
