<?xml version="1.0" encoding="UTF-8"?>
<!-- Generated by org.testng.reporters.JUnitReportReporter -->
<testsuite hostname="WKWZTM099vIwucL" failures="0" tests="1" name="day2.AlertHandling" time="4.317" errors="0" timestamp="2022-11-28T08:31:24 IST" skipped="0">
  <testcase classname="day2.AlertHandling" name="test5" time="4.317"/>
  <system-out/>
</testsuite> <!-- day2.AlertHandling -->
