<?xml version="1.0" encoding="UTF-8"?>
<!-- Generated by org.testng.reporters.JUnitReportReporter -->
<testsuite hostname="WKWZTM099vIwucL" failures="0" tests="1" name="day2.HandleAutoSuggestion" time="19.004" errors="0" timestamp="2022-11-28T08:31:24 IST" skipped="0">
  <testcase classname="day2.HandleAutoSuggestion" name="test7" time="19.004"/>
  <system-out/>
</testsuite> <!-- day2.HandleAutoSuggestion -->
