<?xml version="1.0" encoding="UTF-8"?>
<!-- Generated by org.testng.reporters.JUnitReportReporter -->
<testsuite hostname="WKWZTM099vIwucL" failures="0" tests="1" name="day1.MyFirstSeleniumScript4" time="4.111" errors="0" timestamp="2022-11-28T08:31:24 IST" skipped="0">
  <testcase classname="day1.MyFirstSeleniumScript4" name="test3" time="4.111"/>
  <system-out/>
</testsuite> <!-- day1.MyFirstSeleniumScript4 -->
