<?xml version="1.0" encoding="UTF-8"?>
<!-- Generated by org.testng.reporters.JUnitReportReporter -->
<testsuite hostname="WKWZTM099vIwucL" failures="0" tests="4" name="day3.LoginTest" time="99.278" errors="0" timestamp="2022-11-23T21:28:38 IST" skipped="0">
  <testcase classname="day3.LoginTest" name="verifyUrl" time="17.849"/>
  <system-out/>
  <testcase classname="day3.LoginTest" name="verifyForgetPassword" time="15.672"/>
  <system-out/>
  <testcase classname="day3.LoginTest" name="verifySocialMediaCount" time="53.202"/>
  <system-out/>
  <testcase classname="day3.LoginTest" name="verifyTitle" time="12.555"/>
  <system-out/>
</testsuite> <!-- day3.LoginTest -->
