<?xml version="1.0" encoding="UTF-8"?>
<!-- Generated by org.testng.reporters.JUnitReportReporter -->
<testsuite hostname="WKWZTM099vIwucL" failures="0" tests="4" name="day3.LoginTest" time="18.908" errors="0" timestamp="2022-11-28T08:31:24 IST" skipped="0">
  <testcase classname="day3.LoginTest" name="verifyForgetPassword" time="5.077"/>
  <system-out/>
  <testcase classname="day3.LoginTest" name="verifySocialMediaCount" time="5.187"/>
  <system-out/>
  <testcase classname="day3.LoginTest" name="verifyUrl" time="4.582"/>
  <system-out/>
  <testcase classname="day3.LoginTest" name="verifyTitle" time="4.062"/>
  <system-out/>
</testsuite> <!-- day3.LoginTest -->
