<?xml version="1.0" encoding="UTF-8"?>
<!-- Generated by org.testng.reporters.JUnitReportReporter -->
<testsuite hostname="WKWZTM099vIwucL" failures="0" tests="1" name="day3.Ineuron" time="6.503" errors="0" timestamp="2022-11-28T08:31:24 IST" skipped="0">
  <testcase classname="day3.Ineuron" name="test22" time="6.503"/>
  <system-out/>
</testsuite> <!-- day3.Ineuron -->
