<?xml version="1.0" encoding="UTF-8"?>
<!-- Generated by org.testng.reporters.JUnitReportReporter -->
<testsuite hostname="WKWZTM099vIwucL" failures="0" tests="4" name="day3old.LoginTest" time="88.657" errors="0" timestamp="2022-11-23T21:28:38 IST" skipped="0">
  <testcase classname="day3old.LoginTest" name="Invalidpassuser" time="23.399"/>
  <system-out/>
  <testcase classname="day3old.LoginTest" name="invaliduser" time="19.550"/>
  <system-out/>
  <testcase classname="day3old.LoginTest" name="validuserpass" time="24.373"/>
  <system-out/>
  <testcase classname="day3old.LoginTest" name="invalidpass" time="21.335"/>
  <system-out/>
</testsuite> <!-- day3old.LoginTest -->
