<?xml version="1.0" encoding="UTF-8"?>
<!-- Generated by org.testng.reporters.JUnitReportReporter -->
<testsuite hostname="WKWZTM099vIwucL" failures="0" tests="3" name="day3.AssertionDemo" time="0.009" errors="0" timestamp="2022-11-28T08:31:24 IST" skipped="0">
  <testcase classname="day3.AssertionDemo" name="test3" time="0.000"/>
  <system-out/>
  <testcase classname="day3.AssertionDemo" name="test2" time="0.000"/>
  <system-out/>
  <testcase classname="day3.AssertionDemo" name="test1" time="0.009"/>
  <system-out/>
</testsuite> <!-- day3.AssertionDemo -->
