<?xml version="1.0" encoding="UTF-8"?>
<!-- Generated by org.testng.reporters.JUnitReportReporter -->
<testsuite hostname="WKWZTM099vIwucL" failures="0" tests="1" name="day2.Calender" time="9.294" errors="0" timestamp="2022-11-28T08:31:24 IST" skipped="0">
  <testcase classname="day2.Calender" name="test6" time="9.294"/>
  <system-out/>
</testsuite> <!-- day2.Calender -->
