<?xml version="1.0" encoding="UTF-8"?>
<!-- Generated by org.testng.reporters.JUnitReportReporter -->
<testsuite hostname="WKWZTM099vIwucL" failures="0" tests="1" name="Day4.DataDrivenTest" time="0.000" errors="0" timestamp="2022-11-23T19:38:45 IST" skipped="1">
  <testcase classname="Day4.DataDrivenTest" name="myTest" time="0.000">
    <skipped/>
  </testcase> <!-- myTest -->
  <system-out/>
</testsuite> <!-- Day4.DataDrivenTest -->
